生成启动时间为 2014/11/18 14:01:54。
     1>项目“D:\programming\SimilarVideoRecognizer\UnitTest\UnitTest.vcxproj”在节点 3 上(Build 个目标)。
     1>ClCompile:
         C:\Program Files (x86)\Microsoft Visual Studio 12.0\VC\bin\x86_amd64\CL.exe /c /I"C:\Program Files (x86)\Microsoft Visual Studio 12.0\VC\UnitTest\include" /Zi /nologo /W3 /WX- /Od /D WIN32 /D _DEBUG /D _WINDLL /D _UNICODE /D UNICODE /Gm /EHsc /RTC1 /MDd /GS /fp:precise /Zc:wchar_t /Zc:forScope /Yu"stdafx.h" /Fp"x64\Debug\UnitTest.pch" /Fo"x64\Debug\\" /Fd"x64\Debug\vc120.pdb" /Gd /TP /FC /errorReport:prompt ..\SimilarVideoRecognizer\EigenvectorExtracterForImage.cpp UT_Sort.cpp
         UT_Sort.cpp
     1>d:\programming\similarvideorecognizer\unittest\ut_sort.cpp(30): error C2664: “std::vector<int,std::allocator<_Ty>> EigenvectorExtracterForImage::TransIntoOrdinal(const cv::Mat &)”: 无法将参数 1 从“std::vector<int,std::allocator<_Ty>>”转换为“const cv::Mat &”
                 with
                 [
                     _Ty=int
                 ]
                 原因如下:  无法从“std::vector<int,std::allocator<_Ty>>”转换为“const cv::Mat”
                 with
                 [
                     _Ty=int
                 ]
                 没有可用于执行该转换的用户定义的转换运算符，或者无法调用该运算符
     1>d:\programming\similarvideorecognizer\unittest\ut_sort.cpp(40): error C2664: “std::vector<int,std::allocator<_Ty>> EigenvectorExtracterForImage::TransIntoOrdinal(const cv::Mat &)”: 无法将参数 1 从“std::vector<int,std::allocator<_Ty>>”转换为“const cv::Mat &”
                 with
                 [
                     _Ty=int
                 ]
                 原因如下:  无法从“std::vector<int,std::allocator<_Ty>>”转换为“const cv::Mat”
                 with
                 [
                     _Ty=int
                 ]
                 没有可用于执行该转换的用户定义的转换运算符，或者无法调用该运算符
     1>d:\programming\similarvideorecognizer\unittest\ut_sort.cpp(49): error C2664: “std::vector<int,std::allocator<_Ty>> EigenvectorExtracterForImage::TransIntoOrdinal(const cv::Mat &)”: 无法将参数 1 从“std::vector<int,std::allocator<_Ty>>”转换为“const cv::Mat &”
                 with
                 [
                     _Ty=int
                 ]
                 原因如下:  无法从“std::vector<int,std::allocator<_Ty>>”转换为“const cv::Mat”
                 with
                 [
                     _Ty=int
                 ]
                 没有可用于执行该转换的用户定义的转换运算符，或者无法调用该运算符
     1>d:\programming\similarvideorecognizer\unittest\ut_sort.cpp(58): error C2664: “std::vector<int,std::allocator<_Ty>> EigenvectorExtracterForImage::TransIntoOrdinal(const cv::Mat &)”: 无法将参数 1 从“std::vector<int,std::allocator<_Ty>>”转换为“const cv::Mat &”
                 with
                 [
                     _Ty=int
                 ]
                 原因如下:  无法从“std::vector<int,std::allocator<_Ty>>”转换为“const cv::Mat”
                 with
                 [
                     _Ty=int
                 ]
                 没有可用于执行该转换的用户定义的转换运算符，或者无法调用该运算符
     1>d:\programming\similarvideorecognizer\unittest\ut_sort.cpp(67): error C2664: “std::vector<int,std::allocator<_Ty>> EigenvectorExtracterForImage::TransIntoOrdinal(const cv::Mat &)”: 无法将参数 1 从“std::vector<int,std::allocator<_Ty>>”转换为“const cv::Mat &”
                 with
                 [
                     _Ty=int
                 ]
                 原因如下:  无法从“std::vector<int,std::allocator<_Ty>>”转换为“const cv::Mat”
                 with
                 [
                     _Ty=int
                 ]
                 没有可用于执行该转换的用户定义的转换运算符，或者无法调用该运算符
         EigenvectorExtracterForImage.cpp
         正在生成代码...
     1>已完成生成项目“D:\programming\SimilarVideoRecognizer\UnitTest\UnitTest.vcxproj”(Build 个目标)的操作 - 失败。

生成失败。

已用时间 00:00:01.27
